# JRE version: Java(TM) SE Runtime Environment (8.0_60-b27) (build 1.8.0_60-b27)
# Java VM: Java HotSpot(TM) 64-Bit Server VM (25.60-b23 mixed mode bsd-amd64 compressed oops)
Heap:
 PSYoungGen      total 76288K, used 11672K [0x000000076ab00000, 0x0000000770000000, 0x00000007c0000000)
  eden space 65536K, 4% used [0x000000076ab00000,0x000000076ae136d0,0x000000076eb00000)
  from space 10752K, 79% used [0x000000076f580000,0x000000076fdd29b0,0x0000000770000000)
  to   space 10752K, 0% used [0x000000076eb00000,0x000000076eb00000,0x000000076f580000)
 ParOldGen       total 175104K, used 3111K [0x00000006c0000000, 0x00000006cab00000, 0x000000076ab00000)
  object space 175104K, 1% used [0x00000006c0000000,0x00000006c0309ee0,0x00000006cab00000)
 Metaspace       used 12097K, capacity 12344K, committed 12672K, reserved 1060864K
  class space    used 1453K, capacity 1542K, committed 1664K, reserved 1048576K
GC Heap History (4 events):
Event: 164.501 GC heap before
{Heap before GC invocations=1 (full 0):
 PSYoungGen      total 76288K, used 65536K [0x000000076ab00000, 0x0000000770000000, 0x00000007c0000000)
  eden space 65536K, 100% used [0x000000076ab00000,0x000000076eb00000,0x000000076eb00000)
  from space 10752K, 0% used [0x000000076f580000,0x000000076f580000,0x0000000770000000)
  to   space 10752K, 0% used [0x000000076eb00000,0x000000076eb00000,0x000000076f580000)
 ParOldGen       total 175104K, used 0K [0x00000006c0000000, 0x00000006cab00000, 0x000000076ab00000)
  object space 175104K, 0% used [0x00000006c0000000,0x00000006c0000000,0x00000006cab00000)
 Metaspace       used 12056K, capacity 12280K, committed 12672K, reserved 1060864K
  class space    used 1451K, capacity 1542K, committed 1664K, reserved 1048576K
Event: 164.506 GC heap after
Heap after GC invocations=1 (full 0):
 PSYoungGen      total 76288K, used 9672K [0x000000076ab00000, 0x0000000770000000, 0x00000007c0000000)
  eden space 65536K, 0% used [0x000000076ab00000,0x000000076ab00000,0x000000076eb00000)
  from space 10752K, 89% used [0x000000076eb00000,0x000000076f4722c0,0x000000076f580000)
  to   space 10752K, 0% used [0x000000076f580000,0x000000076f580000,0x0000000770000000)
 ParOldGen       total 175104K, used 3102K [0x00000006c0000000, 0x00000006cab00000, 0x000000076ab00000)
  object space 175104K, 1% used [0x00000006c0000000,0x00000006c0307af0,0x00000006cab00000)
 Metaspace       used 12056K, capacity 12280K, committed 12672K, reserved 1060864K
  class space    used 1451K, capacity 1542K, committed 1664K, reserved 1048576K
}
Event: 210.555 GC heap before
{Heap before GC invocations=2 (full 0):
 PSYoungGen      total 76288K, used 75208K [0x000000076ab00000, 0x0000000770000000, 0x00000007c0000000)
  eden space 65536K, 100% used [0x000000076ab00000,0x000000076eb00000,0x000000076eb00000)
  from space 10752K, 89% used [0x000000076eb00000,0x000000076f4722c0,0x000000076f580000)
  to   space 10752K, 0% used [0x000000076f580000,0x000000076f580000,0x0000000770000000)
 ParOldGen       total 175104K, used 3103K [0x00000006c0000000, 0x00000006cab00000, 0x000000076ab00000)
  object space 175104K, 1% used [0x00000006c0000000,0x00000006c0307ee0,0x00000006cab00000)
 Metaspace       used 12097K, capacity 12344K, committed 12672K, reserved 1060864K
  class space    used 1453K, capacity 1542K, committed 1664K, reserved 1048576K
Event: 210.559 GC heap after
Heap after GC invocations=2 (full 0):
 PSYoungGen      total 76288K, used 8522K [0x000000076ab00000, 0x0000000770000000, 0x00000007c0000000)
  eden space 65536K, 0% used [0x000000076ab00000,0x000000076ab00000,0x000000076eb00000)
  from space 10752K, 79% used [0x000000076f580000,0x000000076fdd29b0,0x0000000770000000)
  to   space 10752K, 0% used [0x000000076eb00000,0x000000076eb00000,0x000000076f580000)
 ParOldGen       total 175104K, used 3111K [0x00000006c0000000, 0x00000006cab00000, 0x000000076ab00000)
  object space 175104K, 1% used [0x00000006c0000000,0x00000006c0309ee0,0x00000006cab00000)
 Metaspace       used 12097K, capacity 12344K, committed 12672K, reserved 1060864K
  class space    used 1453K, capacity 1542K, committed 1664K, reserved 1048576K
}

